{
  meta: {
    error: AuthError: Авторизация необходима
        at module.exports (/Users/MksKarina91/Documents/GitHub/react-mesto-api-full-gha/backend/middlewares/auth.js:10:17)
        at Layer.handle [as handle_request] (/Users/MksKarina91/Documents/GitHub/react-mesto-api-full-gha/backend/node_modules/express/lib/router/layer.js:95:5)
        at trim_prefix (/Users/MksKarina91/Documents/GitHub/react-mesto-api-full-gha/backend/node_modules/express/lib/router/index.js:328:13)
        at /Users/MksKarina91/Documents/GitHub/react-mesto-api-full-gha/backend/node_modules/express/lib/router/index.js:286:9
        at Function.process_params (/Users/MksKarina91/Documents/GitHub/react-mesto-api-full-gha/backend/node_modules/express/lib/router/index.js:346:12)
        at next (/Users/MksKarina91/Documents/GitHub/react-mesto-api-full-gha/backend/node_modules/express/lib/router/index.js:280:10)
        at Function.handle (/Users/MksKarina91/Documents/GitHub/react-mesto-api-full-gha/backend/node_modules/express/lib/router/index.js:175:3)
        at router (/Users/MksKarina91/Documents/GitHub/react-mesto-api-full-gha/backend/node_modules/express/lib/router/index.js:47:12)
        at Layer.handle [as handle_request] (/Users/MksKarina91/Documents/GitHub/react-mesto-api-full-gha/backend/node_modules/express/lib/router/layer.js:95:5)
        at trim_prefix (/Users/MksKarina91/Documents/GitHub/react-mesto-api-full-gha/backend/node_modules/express/lib/router/index.js:328:13) {
      statusCode: 401
    },
    level: 'error',
    message: 'uncaughtException: Авторизация необходима\n' +
      'Error: Авторизация необходима\n' +
      '    at module.exports (/Users/MksKarina91/Documents/GitHub/react-mesto-api-full-gha/backend/middlewares/auth.js:10:17)\n' +
      '    at Layer.handle [as handle_request] (/Users/MksKarina91/Documents/GitHub/react-mesto-api-full-gha/backend/node_modules/express/lib/router/layer.js:95:5)\n' +
      '    at trim_prefix (/Users/MksKarina91/Documents/GitHub/react-mesto-api-full-gha/backend/node_modules/express/lib/router/index.js:328:13)\n' +
      '    at /Users/MksKarina91/Documents/GitHub/react-mesto-api-full-gha/backend/node_modules/express/lib/router/index.js:286:9\n' +
      '    at Function.process_params (/Users/MksKarina91/Documents/GitHub/react-mesto-api-full-gha/backend/node_modules/express/lib/router/index.js:346:12)\n' +
      '    at next (/Users/MksKarina91/Documents/GitHub/react-mesto-api-full-gha/backend/node_modules/express/lib/router/index.js:280:10)\n' +
      '    at Function.handle (/Users/MksKarina91/Documents/GitHub/react-mesto-api-full-gha/backend/node_modules/express/lib/router/index.js:175:3)\n' +
      '    at router (/Users/MksKarina91/Documents/GitHub/react-mesto-api-full-gha/backend/node_modules/express/lib/router/index.js:47:12)\n' +
      '    at Layer.handle [as handle_request] (/Users/MksKarina91/Documents/GitHub/react-mesto-api-full-gha/backend/node_modules/express/lib/router/layer.js:95:5)\n' +
      '    at trim_prefix (/Users/MksKarina91/Documents/GitHub/react-mesto-api-full-gha/backend/node_modules/express/lib/router/index.js:328:13)',
    stack: 'Error: Авторизация необходима\n' +
      '    at module.exports (/Users/MksKarina91/Documents/GitHub/react-mesto-api-full-gha/backend/middlewares/auth.js:10:17)\n' +
      '    at Layer.handle [as handle_request] (/Users/MksKarina91/Documents/GitHub/react-mesto-api-full-gha/backend/node_modules/express/lib/router/layer.js:95:5)\n' +
      '    at trim_prefix (/Users/MksKarina91/Documents/GitHub/react-mesto-api-full-gha/backend/node_modules/express/lib/router/index.js:328:13)\n' +
      '    at /Users/MksKarina91/Documents/GitHub/react-mesto-api-full-gha/backend/node_modules/express/lib/router/index.js:286:9\n' +
      '    at Function.process_params (/Users/MksKarina91/Documents/GitHub/react-mesto-api-full-gha/backend/node_modules/express/lib/router/index.js:346:12)\n' +
      '    at next (/Users/MksKarina91/Documents/GitHub/react-mesto-api-full-gha/backend/node_modules/express/lib/router/index.js:280:10)\n' +
      '    at Function.handle (/Users/MksKarina91/Documents/GitHub/react-mesto-api-full-gha/backend/node_modules/express/lib/router/index.js:175:3)\n' +
      '    at router (/Users/MksKarina91/Documents/GitHub/react-mesto-api-full-gha/backend/node_modules/express/lib/router/index.js:47:12)\n' +
      '    at Layer.handle [as handle_request] (/Users/MksKarina91/Documents/GitHub/react-mesto-api-full-gha/backend/node_modules/express/lib/router/layer.js:95:5)\n' +
      '    at trim_prefix (/Users/MksKarina91/Documents/GitHub/react-mesto-api-full-gha/backend/node_modules/express/lib/router/index.js:328:13)',
    exception: true,
    date: 'Sat Jan 20 2024 11:46:37 GMT+0500 (Узбекистан, стандартное время)',
    process: {
      pid: 20750,
      uid: 0,
      gid: 0,
      cwd: '/Users/MksKarina91/Documents/GitHub/react-mesto-api-full-gha/backend',
      execPath: '/usr/local/bin/node',
      version: 'v18.17.1',
      argv: [
        '/usr/local/bin/node',
        '/Users/MksKarina91/Documents/GitHub/react-mesto-api-full-gha/backend/app.js'
      ],
      memoryUsage: {
        rss: 72241152,
        heapTotal: 29626368,
        heapUsed: 26975880,
        external: 19200503,
        arrayBuffers: 18288012
      }
    },
    os: {
      loadavg: [ 2.36962890625, 4.0859375, 3.75439453125 ],
      uptime: 120622
    },
    trace: [
      {
        column: 17,
        file: '/Users/MksKarina91/Documents/GitHub/react-mesto-api-full-gha/backend/middlewares/auth.js',
        function: 'module.exports',
        line: 10,
        method: 'exports',
        native: false
      },
      {
        column: 5,
        file: '/Users/MksKarina91/Documents/GitHub/react-mesto-api-full-gha/backend/node_modules/express/lib/router/layer.js',
        function: 'Layer.handle [as handle_request]',
        line: 95,
        method: 'handle [as handle_request]',
        native: false
      },
      {
        column: 13,
        file: '/Users/MksKarina91/Documents/GitHub/react-mesto-api-full-gha/backend/node_modules/express/lib/router/index.js',
        function: 'trim_prefix',
        line: 328,
        method: null,
        native: false
      },
      {
        column: 9,
        file: '/Users/MksKarina91/Documents/GitHub/react-mesto-api-full-gha/backend/node_modules/express/lib/router/index.js',
        function: null,
        line: 286,
        method: null,
        native: false
      },
      {
        column: 12,
        file: '/Users/MksKarina91/Documents/GitHub/react-mesto-api-full-gha/backend/node_modules/express/lib/router/index.js',
        function: 'Function.process_params',
        line: 346,
        method: 'process_params',
        native: false
      },
      {
        column: 10,
        file: '/Users/MksKarina91/Documents/GitHub/react-mesto-api-full-gha/backend/node_modules/express/lib/router/index.js',
        function: 'next',
        line: 280,
        method: null,
        native: false
      },
      {
        column: 3,
        file: '/Users/MksKarina91/Documents/GitHub/react-mesto-api-full-gha/backend/node_modules/express/lib/router/index.js',
        function: 'Function.handle',
        line: 175,
        method: 'handle',
        native: false
      },
      {
        column: 12,
        file: '/Users/MksKarina91/Documents/GitHub/react-mesto-api-full-gha/backend/node_modules/express/lib/router/index.js',
        function: 'router',
        line: 47,
        method: null,
        native: false
      },
      {
        column: 5,
        file: '/Users/MksKarina91/Documents/GitHub/react-mesto-api-full-gha/backend/node_modules/express/lib/router/layer.js',
        function: 'Layer.handle [as handle_request]',
        line: 95,
        method: 'handle [as handle_request]',
        native: false
      },
      {
        column: 13,
        file: '/Users/MksKarina91/Documents/GitHub/react-mesto-api-full-gha/backend/node_modules/express/lib/router/index.js',
        function: 'trim_prefix',
        line: 328,
        method: null,
        native: false
      }
    ],
    req: {
      url: '/',
      headers: {
        host: 'localhost:3000',
        connection: 'keep-alive',
        'cache-control': 'max-age=0',
        'sec-ch-ua': '"Not_A Brand";v="8", "Chromium";v="120", "Google Chrome";v="120"',
        'sec-ch-ua-mobile': '?0',
        'sec-ch-ua-platform': '"macOS"',
        'upgrade-insecure-requests': '1',
        'user-agent': 'Mozilla/5.0 (Macintosh; Intel Mac OS X 10_15_7) AppleWebKit/537.36 (KHTML, like Gecko) Chrome/120.0.0.0 Safari/537.36',
        accept: 'text/html,application/xhtml+xml,application/xml;q=0.9,image/avif,image/webp,image/apng,*/*;q=0.8,application/signed-exchange;v=b3;q=0.7',
        'sec-fetch-site': 'none',
        'sec-fetch-mode': 'navigate',
        'sec-fetch-user': '?1',
        'sec-fetch-dest': 'document',
        'accept-encoding': 'gzip, deflate, br',
        'accept-language': 'ru-RU,ru;q=0.9,en-US;q=0.8,en;q=0.7'
      },
      method: 'GET',
      httpVersion: '1.1',
      originalUrl: '/',
      query: {}
    }
  },
  level: 'error',
  message: 'middlewareError'
}
